/home/wturner/-wrk/-ve27/wrdrd/src/docs/docs/consulting/small-business.rst:572: WARNING: undefined label: irc (if the link has no caption the label must precede a section header)
/home/wturner/-wrk/-ve27/wrdrd/src/docs/docs/consulting/small-business.rst:572: WARNING: undefined label: bbs (if the link has no caption the label must precede a section header)
/home/wturner/-wrk/-ve27/wrdrd/src/docs/docs/consulting/software-development.rst:448: WARNING: undefined label: software packages (if the link has no caption the label must precede a section header)
/home/wturner/-wrk/-ve27/wrdrd/src/docs/docs/consulting/software-development.rst:455: WARNING: undefined label: extreme programming (if the link has no caption the label must precede a section header)
/home/wturner/-wrk/-ve27/wrdrd/src/docs/docs/consulting/software-development.rst:455: WARNING: undefined label: unified process (if the link has no caption the label must precede a section header)
/home/wturner/-wrk/-ve27/wrdrd/src/docs/docs/consulting/software-development.rst:606: WARNING: undefined label: uml (if the link has no caption the label must precede a section header)
/home/wturner/-wrk/-ve27/wrdrd/src/docs/docs/consulting/software-development.rst:617: WARNING: undefined label: domain modeling (if the link has no caption the label must precede a section header)
/home/wturner/-wrk/-ve27/wrdrd/src/docs/docs/consulting/software-development.rst:617: WARNING: undefined label: uml (if the link has no caption the label must precede a section header)
/home/wturner/-wrk/-ve27/wrdrd/src/docs/docs/consulting/computer-engineering.rst:48: WARNING: undefined label: southbridge (if the link has no caption the label must precede a section header)
/home/wturner/-wrk/-ve27/wrdrd/src/docs/docs/consulting/computer-engineering.rst:724: WARNING: undefined label: ip (if the link has no caption the label must precede a section header)
/home/wturner/-wrk/-ve27/wrdrd/src/docs/docs/consulting/computer-engineering.rst:754: WARNING: undefined label: patch cable (if the link has no caption the label must precede a section header)
/home/wturner/-wrk/-ve27/wrdrd/src/docs/docs/consulting/computer-engineering.rst:772: WARNING: undefined label: 8pmc (if the link has no caption the label must precede a section header)
/home/wturner/-wrk/-ve27/wrdrd/src/docs/docs/consulting/computer-engineering.rst:816: WARNING: undefined label: patch cable (if the link has no caption the label must precede a section header)
/home/wturner/-wrk/-ve27/wrdrd/src/docs/docs/consulting/computer-engineering.rst:888: WARNING: undefined label: 8pmc (if the link has no caption the label must precede a section header)
/home/wturner/-wrk/-ve27/wrdrd/src/docs/docs/consulting/computer-engineering.rst:888: WARNING: undefined label: patch cable (if the link has no caption the label must precede a section header)
/home/wturner/-wrk/-ve27/wrdrd/src/docs/docs/consulting/computer-engineering.rst:913: WARNING: undefined label: patch cable (if the link has no caption the label must precede a section header)
/home/wturner/-wrk/-ve27/wrdrd/src/docs/docs/consulting/computer-engineering.rst:948: WARNING: undefined label: 100base-tx (if the link has no caption the label must precede a section header)
/home/wturner/-wrk/-ve27/wrdrd/src/docs/docs/consulting/computer-engineering.rst:963: WARNING: undefined label: 100base-tx (if the link has no caption the label must precede a section header)
/home/wturner/-wrk/-ve27/wrdrd/src/docs/docs/consulting/computer-engineering.rst:1018: WARNING: undefined label: cat.8 (if the link has no caption the label must precede a section header)
/home/wturner/-wrk/-ve27/wrdrd/src/docs/docs/consulting/computer-engineering.rst:1030: WARNING: undefined label: wi-fi (if the link has no caption the label must precede a section header)
/home/wturner/-wrk/-ve27/wrdrd/src/docs/docs/consulting/computer-engineering.rst:1098: WARNING: undefined label: bluetooth (if the link has no caption the label must precede a section header)
/home/wturner/-wrk/-ve27/wrdrd/src/docs/docs/consulting/information-systems.rst:318: WARNING: undefined label: ibis (if the link has no caption the label must precede a section header)
/home/wturner/-wrk/-ve27/wrdrd/src/docs/docs/consulting/data-science.rst:54: WARNING: undefined label: workflow (if the link has no caption the label must precede a section header)
/home/wturner/-wrk/-ve27/wrdrd/src/docs/docs/consulting/data-science.rst:59: WARNING: undefined label: workflow (if the link has no caption the label must precede a section header)
/home/wturner/-wrk/-ve27/wrdrd/src/docs/docs/consulting/data-science.rst:156: WARNING: undefined label: github (if the link has no caption the label must precede a section header)
/home/wturner/-wrk/-ve27/wrdrd/src/docs/docs/consulting/data-science.rst:157: WARNING: undefined label: bitbucket (if the link has no caption the label must precede a section header)
/home/wturner/-wrk/-ve27/wrdrd/src/docs/docs/consulting/data-science.rst:598: WARNING: undefined label: units and rdf (if the link has no caption the label must precede a section header)
/home/wturner/-wrk/-ve27/wrdrd/src/docs/docs/consulting/knowledge-engineering.rst:482: WARNING: undefined label: propositional calculus (if the link has no caption the label must precede a section header)
/home/wturner/-wrk/-ve27/wrdrd/src/docs/docs/consulting/knowledge-engineering.rst:2682: WARNING: undefined label: 5stardata (if the link has no caption the label must precede a section header)
/home/wturner/-wrk/-ve27/wrdrd/src/docs/docs/consulting/investing.rst:373: WARNING: undefined label: quantlib-python (if the link has no caption the label must precede a section header)
/home/wturner/-wrk/-ve27/wrdrd/src/docs/docs/consulting/education-technology.rst:73: WARNING: undefined label: ibis (if the link has no caption the label must precede a section header)
/home/wturner/-wrk/-ve27/wrdrd/src/docs/docs/consulting/art-design.rst:2196: WARNING: undefined label: udp (if the link has no caption the label must precede a section header)
/home/wturner/-wrk/-ve27/wrdrd/src/docs/docs/consulting/art-design.rst:2196: WARNING: undefined label: unicast (if the link has no caption the label must precede a section header)
/home/wturner/-wrk/-ve27/wrdrd/src/docs/docs/consulting/art-design.rst:2196: WARNING: undefined label: multicast (if the link has no caption the label must precede a section header)
/home/wturner/-wrk/-ve27/wrdrd/src/docs/docs/consulting/art-design.rst:2196: WARNING: undefined label: dns (if the link has no caption the label must precede a section header)
/home/wturner/-wrk/-ve27/wrdrd/src/docs/docs/consulting/art-design.rst:2196: WARNING: undefined label: dhcp (if the link has no caption the label must precede a section header)
/home/wturner/-wrk/-ve27/wrdrd/src/docs/docs/consulting/art-design.rst:2213: WARNING: undefined label: soap (if the link has no caption the label must precede a section header)
/home/wturner/-wrk/-ve27/wrdrd/src/docs/docs/consulting/art-design.rst:2238: WARNING: undefined label: pulseaudio-dlna (if the link has no caption the label must precede a section header)
/home/wturner/-wrk/-ve27/wrdrd/src/docs/docs/consulting/art-design.rst:2257: WARNING: undefined label: androidtv (if the link has no caption the label must precede a section header)
/home/wturner/-wrk/-ve27/wrdrd/src/docs/docs/consulting/art-design.rst:2307: WARNING: undefined label: microusb (if the link has no caption the label must precede a section header)
/home/wturner/-wrk/-ve27/wrdrd/src/docs/docs/consulting/art-design.rst:2325: WARNING: undefined label: microusb (if the link has no caption the label must precede a section header)
/home/wturner/-wrk/-ve27/wrdrd/src/docs/docs/consulting/art-design.rst:2365: WARNING: undefined label: freebsd (if the link has no caption the label must precede a section header)
/home/wturner/-wrk/-ve27/wrdrd/src/docs/docs/consulting/art-design.rst:2366: WARNING: undefined label: powerpc (if the link has no caption the label must precede a section header)
/home/wturner/-wrk/-ve27/wrdrd/src/docs/docs/consulting/art-design.rst:2366: WARNING: undefined label: x86-64 (if the link has no caption the label must precede a section header)
/home/wturner/-wrk/-ve27/wrdrd/src/docs/docs/consulting/art-design.rst:2379: WARNING: undefined label: dvr (if the link has no caption the label must precede a section header)
/home/wturner/-wrk/-ve27/wrdrd/src/docs/docs/consulting/art-design.rst:2398: WARNING: undefined label: nas (if the link has no caption the label must precede a section header)
/home/wturner/-wrk/-ve27/wrdrd/src/docs/docs/consulting/art-design.rst:2413: WARNING: undefined label: windows phone (if the link has no caption the label must precede a section header)
/home/wturner/-wrk/-ve27/wrdrd/src/docs/docs/consulting/art-design.rst:2418: WARNING: undefined label: freebsd (if the link has no caption the label must precede a section header)
/home/wturner/-wrk/-ve27/wrdrd/src/docs/docs/consulting/art-design.rst:2421: WARNING: undefined label: xbox 360 (if the link has no caption the label must precede a section header)
/home/wturner/-wrk/-ve27/wrdrd/src/docs/docs/consulting/art-design.rst:2422: WARNING: undefined label: xbox one (if the link has no caption the label must precede a section header)
/home/wturner/-wrk/-ve27/wrdrd/src/docs/docs/consulting/art-design.rst:2423: WARNING: undefined label: ps3 (if the link has no caption the label must precede a section header)
/home/wturner/-wrk/-ve27/wrdrd/src/docs/docs/consulting/art-design.rst:2424: WARNING: undefined label: ps4 (if the link has no caption the label must precede a section header)
/home/wturner/-wrk/-ve27/wrdrd/src/docs/docs/tools/index.rst:515: WARNING: undefined label: dex (if the link has no caption the label must precede a section header)
/home/wturner/-wrk/-ve27/wrdrd/src/docs/docs/tools/index.rst:528: WARNING: undefined label: intellij (if the link has no caption the label must precede a section header)
/home/wturner/-wrk/-ve27/wrdrd/src/docs/docs/tools/index.rst:587: WARNING: undefined label: operating system (if the link has no caption the label must precede a section header)
/home/wturner/-wrk/-ve27/wrdrd/src/docs/docs/tools/index.rst:603: WARNING: undefined label: package (if the link has no caption the label must precede a section header)
/home/wturner/-wrk/-ve27/wrdrd/src/docs/docs/tools/index.rst:1457: WARNING: undefined label: coffeescript (if the link has no caption the label must precede a section header)
/home/wturner/-wrk/-ve27/wrdrd/src/docs/docs/tools/index.rst:2464: WARNING: undefined label: language (if the link has no caption the label must precede a section header)
/home/wturner/-wrk/-ve27/wrdrd/src/docs/docs/tools/index.rst:3397: WARNING: undefined label: rake (if the link has no caption the label must precede a section header)
/home/wturner/-wrk/-ve27/wrdrd/src/docs/docs/tools/index.rst:3549: WARNING: undefined label: zeromq (if the link has no caption the label must precede a section header)
/home/wturner/-wrk/-ve27/wrdrd/src/docs/docs/tools/index.rst:3572: WARNING: undefined label: salt top file (if the link has no caption the label must precede a section header)
/home/wturner/-wrk/-ve27/wrdrd/src/docs/docs/tools/index.rst:3591: WARNING: undefined label: salt module (if the link has no caption the label must precede a section header)
/home/wturner/-wrk/-ve27/wrdrd/src/docs/docs/tools/index.rst:3591: WARNING: undefined label: salt state (if the link has no caption the label must precede a section header)
